Using pre-set license
Built from '2021.3/staging' branch; Version is '2021.3.6f1 (7da38d85baf6) revision 8233869'; Using compiler version '192829333'; Build Type 'Release'
OS: 'Windows 10  (10.0.19044) 64bit Professional' Language: 'es' Physical Memory: 8129 MB
BatchMode: 1, IsHumanControllingUs: 0, StartBugReporterOnCrash: 0, Is64bit: 1, IsPro: 1

COMMAND LINE ARGUMENTS:
C:\Program Files\Unity\Hub\Editor\2021.3.6f1\Editor\Unity.exe
-adb2
-batchMode
-noUpm
-name
AssetImportWorker3
-projectPath
G:/examen
-logFile
Logs/AssetImportWorker3.log
-srvPort
50277
Successfully changed project path to: G:/examen
G:/examen
[UnityMemory] Configuration Parameters - Can be set up in boot.config
    "memorysetup-bucket-allocator-granularity=16"
    "memorysetup-bucket-allocator-bucket-count=8"
    "memorysetup-bucket-allocator-block-size=33554432"
    "memorysetup-bucket-allocator-block-count=8"
    "memorysetup-main-allocator-block-size=16777216"
    "memorysetup-thread-allocator-block-size=16777216"
    "memorysetup-gfx-main-allocator-block-size=16777216"
    "memorysetup-gfx-thread-allocator-block-size=16777216"
    "memorysetup-cache-allocator-block-size=4194304"
    "memorysetup-typetree-allocator-block-size=2097152"
    "memorysetup-profiler-bucket-allocator-granularity=16"
    "memorysetup-profiler-bucket-allocator-bucket-count=8"
    "memorysetup-profiler-bucket-allocator-block-size=33554432"
    "memorysetup-profiler-bucket-allocator-block-count=8"
    "memorysetup-profiler-allocator-block-size=16777216"
    "memorysetup-profiler-editor-allocator-block-size=1048576"
    "memorysetup-temp-allocator-size-main=16777216"
    "memorysetup-job-temp-allocator-block-size=2097152"
    "memorysetup-job-temp-allocator-block-size-background=1048576"
    "memorysetup-job-temp-allocator-reduction-small-platforms=262144"
    "memorysetup-temp-allocator-size-background-worker=32768"
    "memorysetup-temp-allocator-size-job-worker=262144"
    "memorysetup-temp-allocator-size-preload-manager=33554432"
    "memorysetup-temp-allocator-size-nav-mesh-worker=65536"
    "memorysetup-temp-allocator-size-audio-worker=65536"
    "memorysetup-temp-allocator-size-cloud-worker=32768"
    "memorysetup-temp-allocator-size-gi-baking-worker=262144"
    "memorysetup-temp-allocator-size-gfx=262144"
Refreshing native plugins compatible for Editor in 37.19 ms, found 2 plugins.
Preloading 0 native plugins for Editor in 0.00 ms.
Initialize engine version: 2021.3.6f1 (7da38d85baf6)
[Subsystems] Discovering subsystems at path C:/Program Files/Unity/Hub/Editor/2021.3.6f1/Editor/Data/Resources/UnitySubsystems
[Subsystems] Discovering subsystems at path G:/examen/Assets
GfxDevice: creating device client; threaded=0; jobified=0
Direct3D:
    Version:  Direct3D 11.0 [level 11.1]
    Renderer: NVIDIA GeForce GTX 1650 (ID=0x1f82)
    Vendor:   NVIDIA
    VRAM:     3962 MB
    Driver:   31.0.15.1694
Initialize mono
Mono path[0] = 'C:/Program Files/Unity/Hub/Editor/2021.3.6f1/Editor/Data/Managed'
Mono path[1] = 'C:/Program Files/Unity/Hub/Editor/2021.3.6f1/Editor/Data/MonoBleedingEdge/lib/mono/unityjit-win32'
Mono config path = 'C:/Program Files/Unity/Hub/Editor/2021.3.6f1/Editor/Data/MonoBleedingEdge/etc'
Using monoOptions --debugger-agent=transport=dt_socket,embedding=1,server=y,suspend=n,address=127.0.0.1:56136
Begin MonoManager ReloadAssembly
Registering precompiled unity dll's ...
Register platform support module: C:/Program Files/Unity/Hub/Editor/2021.3.6f1/Editor/Data/PlaybackEngines/WindowsStandaloneSupport/UnityEditor.WindowsStandalone.Extensions.dll
Registered in 0.010960 seconds.
Native extension for WindowsStandalone target not found
Refreshing native plugins compatible for Editor in 43.00 ms, found 2 plugins.
Preloading 0 native plugins for Editor in 0.00 ms.
Mono: successfully reloaded assembly
- Completed reload, in  1.035 seconds
Domain Reload Profiling:
	ReloadAssembly (1036ms)
		BeginReloadAssembly (133ms)
			ExecutionOrderSort (0ms)
			DisableScriptedObjects (0ms)
			BackupInstance (0ms)
			ReleaseScriptingObjects (0ms)
			CreateAndSetChildDomain (1ms)
		EndReloadAssembly (712ms)
			LoadAssemblies (129ms)
			RebuildTransferFunctionScriptingTraits (0ms)
			SetupTypeCache (233ms)
			ReleaseScriptCaches (0ms)
			RebuildScriptCaches (35ms)
			SetupLoadedEditorAssemblies (381ms)
				LogAssemblyErrors (0ms)
				InitializePlatformSupportModulesInManaged (10ms)
				SetLoadedEditorAssemblies (0ms)
				RefreshPlugins (43ms)
				BeforeProcessingInitializeOnLoad (9ms)
				ProcessInitializeOnLoadAttributes (196ms)
				ProcessInitializeOnLoadMethodAttributes (124ms)
				AfterProcessingInitializeOnLoad (0ms)
				EditorAssembliesLoaded (0ms)
			ExecutionOrderSort2 (0ms)
			AwakeInstancesAfterBackupRestoration (0ms)
Platform modules already initialized, skipping
Registering precompiled user dll's ...
Registered in 0.002920 seconds.
Begin MonoManager ReloadAssembly
Native extension for WindowsStandalone target not found
Refreshing native plugins compatible for Editor in 0.76 ms, found 2 plugins.
Preloading 0 native plugins for Editor in 0.00 ms.
Mono: successfully reloaded assembly
- Completed reload, in  1.417 seconds
Domain Reload Profiling:
	ReloadAssembly (1418ms)
		BeginReloadAssembly (183ms)
			ExecutionOrderSort (0ms)
			DisableScriptedObjects (14ms)
			BackupInstance (0ms)
			ReleaseScriptingObjects (0ms)
			CreateAndSetChildDomain (40ms)
		EndReloadAssembly (1006ms)
			LoadAssemblies (93ms)
			RebuildTransferFunctionScriptingTraits (0ms)
			SetupTypeCache (286ms)
			ReleaseScriptCaches (1ms)
			RebuildScriptCaches (52ms)
			SetupLoadedEditorAssemblies (510ms)
				LogAssemblyErrors (0ms)
				InitializePlatformSupportModulesInManaged (18ms)
				SetLoadedEditorAssemblies (15ms)
				RefreshPlugins (1ms)
				BeforeProcessingInitializeOnLoad (81ms)
				ProcessInitializeOnLoadAttributes (333ms)
				ProcessInitializeOnLoadMethodAttributes (51ms)
				AfterProcessingInitializeOnLoad (12ms)
				EditorAssembliesLoaded (0ms)
			ExecutionOrderSort2 (0ms)
			AwakeInstancesAfterBackupRestoration (8ms)
Platform modules already initialized, skipping
========================================================================
Worker process is ready to serve import requests
Launched and connected shader compiler UnityShaderCompiler.exe after 0.20 seconds
Refreshing native plugins compatible for Editor in 0.52 ms, found 2 plugins.
Preloading 0 native plugins for Editor in 0.00 ms.
Unloading 1710 Unused Serialized files (Serialized files now loaded: 0)
Unloading 19 unused Assets / (55.6 KB). Loaded Objects now: 2175.
Memory consumption went from 73.1 MB to 73.0 MB.
Total: 5.142100 ms (FindLiveObjects: 0.283800 ms CreateObjectMapping: 0.137700 ms MarkObjects: 4.584100 ms  DeleteObjects: 0.135000 ms)

AssetImportParameters requested are different than current active one (requested -> active):
  custom:video-decoder-ogg-theora: a1e56fd34408186e4bbccfd4996cb3dc -> 
  custom:container-muxer-webm: aa71ff27fc2769a1b78a27578f13a17b -> 
  custom:container-demuxer-webm: 4f35f7cbe854078d1ac9338744f61a02 -> 
  custom:video-encoder-webm-vp8: eb34c28f22e8b96e1ab97ce403110664 -> 
  custom:audio-encoder-webm-vorbis: bf7c407c2cedff20999df2af8eb42d56 -> 
  custom:framework-win-MediaFoundation: 216162199b28c13a410421893ffa2e32 -> 
  custom:container-demuxer-ogg: 62fdf1f143b41e24485cea50d1cbac27 -> 
  custom:video-decoder-webm-vp8: 9c59270c3fd7afecdb556c50c9e8de78 -> 
  custom:audio-decoder-ogg-vorbis: bf7c407c2cedff20999df2af8eb42d56 -> 
========================================================================
Received Import Request.
  Time since last request: 784.357541 seconds.
  path: Assets/Sounds/Enemy Fire.wav
  artifactKey: Guid(15a7f3da63251714195dab3531220a4d) Importer(815301076,1909f56bfc062723c751e8b465ee728b)
Start importing Assets/Sounds/Enemy Fire.wav using Guid(15a7f3da63251714195dab3531220a4d) Importer(815301076,1909f56bfc062723c751e8b465ee728b)  -> (artifact id: '067915969d9703bc7179b5399caf5f82') in 1.047231 seconds 
========================================================================
Received Import Request.
  Time since last request: 366.223540 seconds.
  path: Assets/Sprites/Mario.png
  artifactKey: Guid(9050f1b421cd4b948a01e0fcdfc33a75) Importer(815301076,1909f56bfc062723c751e8b465ee728b)
Start importing Assets/Sprites/Mario.png using Guid(9050f1b421cd4b948a01e0fcdfc33a75) Importer(815301076,1909f56bfc062723c751e8b465ee728b)  -> (artifact id: 'e5f46a65bf09f0fb299e1728e18f8a2a') in 0.050196 seconds 
========================================================================
Received Import Request.
  Time since last request: 3.756451 seconds.
  path: Assets/Sprites/Montanas.png
  artifactKey: Guid(9b00c4fcb3c5e2d499f351bbc061ff35) Importer(815301076,1909f56bfc062723c751e8b465ee728b)
Start importing Assets/Sprites/Montanas.png using Guid(9b00c4fcb3c5e2d499f351bbc061ff35) Importer(815301076,1909f56bfc062723c751e8b465ee728b)  -> (artifact id: '8630fe85a5c8fc985dc7b71985ec58e8') in 0.011162 seconds 
========================================================================
Received Import Request.
  Time since last request: 0.000029 seconds.
  path: Assets/Sprites/Nuves.png
  artifactKey: Guid(29d844c1b165b414b981592a7abfc27b) Importer(815301076,1909f56bfc062723c751e8b465ee728b)
Start importing Assets/Sprites/Nuves.png using Guid(29d844c1b165b414b981592a7abfc27b) Importer(815301076,1909f56bfc062723c751e8b465ee728b)  -> (artifact id: '0ec7afd89764a1f3257f3347133dd62d') in 0.008656 seconds 
========================================================================
Received Import Request.
  Time since last request: 28.175519 seconds.
  path: Assets/Sprites/Mario.png
  artifactKey: Guid(9050f1b421cd4b948a01e0fcdfc33a75) Importer(815301076,1909f56bfc062723c751e8b465ee728b)
Start importing Assets/Sprites/Mario.png using Guid(9050f1b421cd4b948a01e0fcdfc33a75) Importer(815301076,1909f56bfc062723c751e8b465ee728b)  -> (artifact id: 'c19bf679a852a7963cf04d5583349f4e') in 0.011279 seconds 
========================================================================
Received Import Request.
  Time since last request: 0.000019 seconds.
  path: Assets/Sprites/Nuves.png
  artifactKey: Guid(29d844c1b165b414b981592a7abfc27b) Importer(815301076,1909f56bfc062723c751e8b465ee728b)
Start importing Assets/Sprites/Nuves.png using Guid(29d844c1b165b414b981592a7abfc27b) Importer(815301076,1909f56bfc062723c751e8b465ee728b)  -> (artifact id: 'fd4666bbb1638604041c066395a02e01') in 0.011492 seconds 
========================================================================
Received Import Request.
  Time since last request: 25.298330 seconds.
  path: Assets/Sprites/Cajas.png
  artifactKey: Guid(0430ad89d8337d44aafb800e96d0ec32) Importer(815301076,1909f56bfc062723c751e8b465ee728b)
Start importing Assets/Sprites/Cajas.png using Guid(0430ad89d8337d44aafb800e96d0ec32) Importer(815301076,1909f56bfc062723c751e8b465ee728b)  -> (artifact id: '73b0fd5d557d919aff57d2b4cfbbb74e') in 0.013705 seconds 
========================================================================
Received Import Request.
  Time since last request: 0.000029 seconds.
  path: Assets/Sprites/Goombas.png
  artifactKey: Guid(aba45d88a321240409f9dff2b4042982) Importer(815301076,1909f56bfc062723c751e8b465ee728b)
Start importing Assets/Sprites/Goombas.png using Guid(aba45d88a321240409f9dff2b4042982) Importer(815301076,1909f56bfc062723c751e8b465ee728b)  -> (artifact id: '0d4bfa01c02d6c740f37b303fdc69f2f') in 0.014748 seconds 
========================================================================
Received Import Request.
  Time since last request: 0.000016 seconds.
  path: Assets/Sprites/Castillo.png
  artifactKey: Guid(b7b30b107e0c0f143921ebe278894856) Importer(815301076,1909f56bfc062723c751e8b465ee728b)
Start importing Assets/Sprites/Castillo.png using Guid(b7b30b107e0c0f143921ebe278894856) Importer(815301076,1909f56bfc062723c751e8b465ee728b)  -> (artifact id: 'b1e3b75f4d96b4d6d9fe5bd13f9c19ef') in 0.015886 seconds 
========================================================================
Received Import Request.
  Time since last request: 448.511428 seconds.
  path: Assets/Sprites/Cajas.png
  artifactKey: Guid(0430ad89d8337d44aafb800e96d0ec32) Importer(815301076,1909f56bfc062723c751e8b465ee728b)
Start importing Assets/Sprites/Cajas.png using Guid(0430ad89d8337d44aafb800e96d0ec32) Importer(815301076,1909f56bfc062723c751e8b465ee728b)  -> (artifact id: '4e0ea3518b3c3c5f9881a863fa1514c7') in 0.122042 seconds 
========================================================================
Received Import Request.
  Time since last request: 0.000031 seconds.
  path: Assets/Sprites/Goombas.png
  artifactKey: Guid(aba45d88a321240409f9dff2b4042982) Importer(815301076,1909f56bfc062723c751e8b465ee728b)
Start importing Assets/Sprites/Goombas.png using Guid(aba45d88a321240409f9dff2b4042982) Importer(815301076,1909f56bfc062723c751e8b465ee728b)  -> (artifact id: 'df491de8b9c9943958f3303f5b892e50') in 0.026499 seconds 
========================================================================
Received Import Request.
  Time since last request: 0.000179 seconds.
  path: Assets/Sprites/Montanas.png
  artifactKey: Guid(9b00c4fcb3c5e2d499f351bbc061ff35) Importer(815301076,1909f56bfc062723c751e8b465ee728b)
Start importing Assets/Sprites/Montanas.png using Guid(9b00c4fcb3c5e2d499f351bbc061ff35) Importer(815301076,1909f56bfc062723c751e8b465ee728b)  -> (artifact id: '7f80da8f2272f259d7cb662d879961f5') in 0.069210 seconds 
========================================================================
Received Import Request.
  Time since last request: 0.000025 seconds.
  path: Assets/Sprites/Tuberias.png
  artifactKey: Guid(05e16532f898b474481d831793cb5912) Importer(815301076,1909f56bfc062723c751e8b465ee728b)
Start importing Assets/Sprites/Tuberias.png using Guid(05e16532f898b474481d831793cb5912) Importer(815301076,1909f56bfc062723c751e8b465ee728b)  -> (artifact id: '50035bcecea721db78caec8b690ea04c') in 0.025447 seconds 
========================================================================
Received Import Request.
  Time since last request: 0.004062 seconds.
  path: Assets/Sprites/Ladrillos.png
  artifactKey: Guid(272821defcc64ae4fb09b8b101974f6b) Importer(815301076,1909f56bfc062723c751e8b465ee728b)
Start importing Assets/Sprites/Ladrillos.png using Guid(272821defcc64ae4fb09b8b101974f6b) Importer(815301076,1909f56bfc062723c751e8b465ee728b)  -> (artifact id: '36c6eff056c3ea54b5b3199075050d55') in 0.029557 seconds 
Editor requested this worker to shutdown with reason: Scaling down because of idle timeout
AssetImportWorker is now disconnected from the server
Process exiting
Exiting without the bug reporter. Application will terminate with return code 0